[    0.000000] Initializing cgroup subsys cpuset
[    0.000000] Initializing cgroup subsys cpu
[    0.000000] Initializing cgroup subsys cpuacct
[    0.000000] Linux version 4.4.0-210-generic (buildd@lgw01-amd64-009) (gcc version 5.4.0 20160609 (Ubuntu 5.4.0-6ubuntu1~16.04.12) ) #242-Ubuntu SMP Fri Apr 16 09:57:56 UTC 2021 (Ubuntu 4.4.0-210.242-generic 4.4.262)
[    0.000000] Command line: BOOT_IMAGE=/boot/vmlinuz-4.4.0-210-generic root=LABEL=cloudimg-rootfs ro console=tty1 console=ttyS0
[    0.000000] KERNEL supported cpus:
[    0.000000]   Intel GenuineIntel
[    0.000000]   AMD AuthenticAMD
[    0.000000]   Centaur CentaurHauls
[    0.000000] x86/fpu: xstate_offset[2]:  576, xstate_sizes[2]:  256
[    0.000000] x86/fpu: Supporting XSAVE feature 0x01: 'x87 floating point registers'
[    0.000000] x86/fpu: Supporting XSAVE feature 0x02: 'SSE registers'
[    0.000000] x86/fpu: Supporting XSAVE feature 0x04: 'AVX registers'
[    0.000000] x86/fpu: Enabled xstate features 0x7, context size is 832 bytes, using 'standard' format.
[    0.000000] e820: BIOS-provided physical RAM map:
[    0.000000] BIOS-e820: [mem 0x0000000000000000-0x000000000009fbff] usable
[    0.000000] BIOS-e820: [mem 0x000000000009fc00-0x000000000009ffff] reserved
[    0.000000] BIOS-e820: [mem 0x00000000000f0000-0x00000000000fffff] reserved
[    0.000000] BIOS-e820: [mem 0x0000000000100000-0x000000003ffeffff] usable
[    0.000000] BIOS-e820: [mem 0x000000003fff0000-0x000000003fffffff] ACPI data
[    0.000000] BIOS-e820: [mem 0x00000000fec00000-0x00000000fec00fff] reserved
[    0.000000] BIOS-e820: [mem 0x00000000fee00000-0x00000000fee00fff] reserved
[    0.000000] BIOS-e820: [mem 0x00000000fffc0000-0x00000000ffffffff] reserved
[    0.000000] NX (Execute Disable) protection: active
[    0.000000] SMBIOS 2.5 present.
[    0.000000] Hypervisor detected: KVM
[    0.000000] e820: last_pfn = 0x3fff0 max_arch_pfn = 0x400000000
[    0.000000] MTRR: Disabled
[    0.000000] x86/PAT: MTRRs disabled, skipping PAT initialization too.
[    0.000000] CPU MTRRs all blank - virtualized system.
[    0.000000] x86/PAT: Configuration [0-7]: WB  WT  UC- UC  WB  WT  UC- UC  
[    0.000000] found SMP MP-table at [mem 0x0009fff0-0x0009ffff] mapped at [ffff88000009fff0]
[    0.000000] Scanning 1 areas for low memory corruption
[    0.000000] RAMDISK: [mem 0x362dc000-0x37165fff]
[    0.000000] ACPI: Early table checksum verification disabled
[    0.000000] ACPI: RSDP 0x00000000000E0000 000024 (v02 VBOX  )
[    0.000000] ACPI: XSDT 0x000000003FFF0030 00003C (v01 VBOX   VBOXXSDT 00000001 ASL  00000061)
[    0.000000] ACPI: FACP 0x000000003FFF00F0 0000F4 (v04 VBOX   VBOXFACP 00000001 ASL  00000061)
[    0.000000] ACPI: DSDT 0x000000003FFF0470 002325 (v02 VBOX   VBOXBIOS 00000002 INTL 20120111)
[    0.000000] ACPI: FACS 0x000000003FFF0200 000040
[    0.000000] ACPI: FACS 0x000000003FFF0200 000040
[    0.000000] ACPI: APIC 0x000000003FFF0240 00005C (v02 VBOX   VBOXAPIC 00000001 ASL  00000061)
[    0.000000] ACPI: SSDT 0x000000003FFF02A0 0001CC (v01 VBOX   VBOXCPUT 00000002 INTL 20120111)
[    0.000000] No NUMA configuration found
[    0.000000] Faking a node at [mem 0x0000000000000000-0x000000003ffeffff]
[    0.000000] NODE_DATA(0) allocated [mem 0x3ffeb000-0x3ffeffff]
[    0.000000] kvm-clock: Using msrs 4b564d01 and 4b564d00
[    0.000000] kvm-clock: cpu 0, msr 0:3ffe3001, primary cpu clock
[    0.000000] kvm-clock: using sched offset of 8632099030 cycles
[    0.000000] clocksource: kvm-clock: mask: 0xffffffffffffffff max_cycles: 0x1cd42e4dffb, max_idle_ns: 881590591483 ns
[    0.000000] Zone ranges:
[    0.000000]   DMA      [mem 0x0000000000001000-0x0000000000ffffff]
[    0.000000]   DMA32    [mem 0x0000000001000000-0x000000003ffeffff]
[    0.000000]   Normal   empty
[    0.000000]   Device   empty
[    0.000000] Movable zone start for each node
[    0.000000] Early memory node ranges
[    0.000000]   node   0: [mem 0x0000000000001000-0x000000000009efff]
[    0.000000]   node   0: [mem 0x0000000000100000-0x000000003ffeffff]
[    0.000000] Initmem setup node 0 [mem 0x0000000000001000-0x000000003ffeffff]
[    0.000000] ACPI: PM-Timer IO Port: 0x4008
[    0.000000] IOAPIC[0]: apic_id 2, version 32, address 0xfec00000, GSI 0-23
[    0.000000] ACPI: INT_SRC_OVR (bus 0 bus_irq 0 global_irq 2 dfl dfl)
[    0.000000] ACPI: INT_SRC_OVR (bus 0 bus_irq 9 global_irq 9 low level)
[    0.000000] Using ACPI (MADT) for SMP configuration information
[    0.000000] smpboot: Allowing 2 CPUs, 0 hotplug CPUs
[    0.000000] PM: Registered nosave memory: [mem 0x00000000-0x00000fff]
[    0.000000] PM: Registered nosave memory: [mem 0x0009f000-0x0009ffff]
[    0.000000] PM: Registered nosave memory: [mem 0x000a0000-0x000effff]
[    0.000000] PM: Registered nosave memory: [mem 0x000f0000-0x000fffff]
[    0.000000] e820: [mem 0x40000000-0xfebfffff] available for PCI devices
[    0.000000] Booting paravirtualized kernel on KVM
[    0.000000] clocksource: refined-jiffies: mask: 0xffffffff max_cycles: 0xffffffff, max_idle_ns: 7645519600211568 ns
[    0.000000] setup_percpu: NR_CPUS:512 nr_cpumask_bits:512 nr_cpu_ids:2 nr_node_ids:1
[    0.000000] PERCPU: Embedded 33 pages/cpu @ffff88003fc00000 s95192 r8192 d31784 u1048576
[    0.000000] Built 1 zonelists in Node order, mobility grouping on.  Total pages: 257912
[    0.000000] Policy zone: DMA32
[    0.000000] Kernel command line: BOOT_IMAGE=/boot/vmlinuz-4.4.0-210-generic root=LABEL=cloudimg-rootfs ro console=tty1 console=ttyS0
[    0.000000] PID hash table entries: 4096 (order: 3, 32768 bytes)
[    0.000000] Memory: 997792K/1048120K available (8644K kernel code, 1332K rwdata, 4044K rodata, 1492K init, 1164K bss, 50328K reserved, 0K cma-reserved)
[    0.000000] SLUB: HWalign=64, Order=0-3, MinObjects=0, CPUs=2, Nodes=1
[    0.000000] Kernel/User page tables isolation: enabled
[    0.000000] Hierarchical RCU implementation.
[    0.000000] 	Build-time adjustment of leaf fanout to 64.
[    0.000000] 	RCU restricting CPUs from NR_CPUS=512 to nr_cpu_ids=2.
[    0.000000] RCU: Adjusting geometry for rcu_fanout_leaf=64, nr_cpu_ids=2
[    0.000000] NR_IRQS:33024 nr_irqs:440 16
[    0.000000] Console: colour VGA+ 80x25
[    0.000000] console [tty1] enabled
[    0.000000] console [ttyS0] enabled
[    0.000000] tsc: Detected 1599.999 MHz processor
[    0.308816] Calibrating delay loop (skipped) preset value.. 3199.99 BogoMIPS (lpj=6399996)
[    0.313024] pid_max: default: 32768 minimum: 301
[    0.315866] ACPI: Core revision 20150930
[    0.318364] ACPI: 2 ACPI AML tables successfully acquired and loaded
[    0.320715] Security Framework initialized
[    0.322646] Yama: becoming mindful.
[    0.323988] AppArmor: AppArmor initialized
[    0.325737] Dentry cache hash table entries: 131072 (order: 8, 1048576 bytes)
[    0.331721] Inode-cache hash table entries: 65536 (order: 7, 524288 bytes)
[    0.334225] Mount-cache hash table entries: 2048 (order: 2, 16384 bytes)
[    0.336518] Mountpoint-cache hash table entries: 2048 (order: 2, 16384 bytes)
[    0.338993] Initializing cgroup subsys io
[    0.340499] Initializing cgroup subsys memory
[    0.341997] Initializing cgroup subsys devices
[    0.343512] Initializing cgroup subsys freezer
[    0.345208] Initializing cgroup subsys net_cls
[    0.346714] Initializing cgroup subsys perf_event
[    0.348338] Initializing cgroup subsys net_prio
[    0.349883] Initializing cgroup subsys hugetlb
[    0.351553] Initializing cgroup subsys pids
[    0.361315] mce: CPU supports 0 MCE banks
[    0.362977] Last level iTLB entries: 4KB 64, 2MB 8, 4MB 8
[    0.367767] Last level dTLB entries: 4KB 64, 2MB 0, 4MB 0, 1GB 4
[    0.369999] Spectre V1 : Mitigation: usercopy/swapgs barriers and __user pointer sanitization
[    0.374257] Spectre V2 : Mitigation: Full generic retpoline
[    0.376468] Spectre V2 : Spectre v2 / SpectreRSB mitigation: Filling RSB on context switch
[    0.380420] Speculative Store Bypass: Vulnerable
[    0.381973] SRBDS: Unknown: Dependent on hypervisor status
[    0.383937] MDS: Mitigation: Clear CPU buffers
[    0.389340] Freeing SMP alternatives memory: 36K
[    0.398062] ftrace: allocating 32380 entries in 127 pages
[    0.470431] smpboot: APIC(0) Converting physical 0 to logical package 0
[    0.474700] smpboot: Max logical packages: 1
[    0.476536] x2apic enabled
[    0.477970] Switched APIC routing to physical x2apic.
[    0.481077] ..TIMER: vector=0x30 apic1=0 pin1=2 apic2=-1 pin2=-1
[    0.591208] smpboot: CPU0: Intel(R) Core(TM) i5-5250U CPU @ 1.60GHz (family: 0x6, model: 0x3d, stepping: 0x4)
[    0.595410] Performance Events: unsupported p6 CPU model 61 no PMU driver, software events only.
[    0.611526] KVM setup paravirtual spinlock
[    0.614342] x86: Booting SMP configuration:
[    0.616484] .... node  #0, CPUs:      #1
[    0.618198] kvm-clock: cpu 1, msr 0:3ffe3041, secondary cpu clock
[    0.627857] mce: CPU supports 0 MCE banks
[    0.630955] x86: Booted up 1 node, 2 CPUs
[    0.632948] smpboot: Total of 2 processors activated (6399.99 BogoMIPS)
[    0.635874] devtmpfs: initialized
[    0.638625] evm: security.selinux
[    0.640104] evm: security.SMACK64
[    0.641642] evm: security.SMACK64EXEC
[    0.643075] evm: security.SMACK64TRANSMUTE
[    0.644694] evm: security.SMACK64MMAP
[    0.646166] evm: security.ima
[    0.647540] evm: security.capability
[    0.649155] clocksource: jiffies: mask: 0xffffffff max_cycles: 0xffffffff, max_idle_ns: 7645041785100000 ns
[    0.652647] futex hash table entries: 512 (order: 3, 32768 bytes)
[    0.654875] pinctrl core: initialized pinctrl subsystem
[    0.656981] RTC time: 11:09:16, date: 10/25/21
[    0.658951] NET: Registered protocol family 16
[    0.673145] cpuidle: using governor ladder
[    0.688812] cpuidle: using governor menu
[    0.691860] PCCT header not found.
[    0.695040] ACPI: bus type PCI registered
[    0.697520] acpiphp: ACPI Hot Plug PCI Controller Driver version: 0.5
[    0.701482] PCI: Using configuration type 1 for base access
[    0.717848] ACPI: Added _OSI(Module Device)
[    0.720703] ACPI: Added _OSI(Processor Device)
[    0.722586] ACPI: Added _OSI(3.0 _SCP Extensions)
[    0.724951] ACPI: Added _OSI(Processor Aggregator Device)
[    0.727948] ACPI: Executed 1 blocks of module-level executable AML code
[    0.739351] ACPI: Interpreter enabled
[    0.741135] ACPI: (supports S0 S5)
[    0.742633] ACPI: Using IOAPIC for interrupt routing
[    0.745001] PCI: Using host bridge windows from ACPI; if necessary, use "pci=nocrs" and report a bug
[    0.756492] ACPI: PCI Root Bridge [PCI0] (domain 0000 [bus 00-ff])
[    0.759083] acpi PNP0A03:00: _OSC: OS supports [ASPM ClockPM Segments MSI]
[    0.762243] acpi PNP0A03:00: _OSC: not requesting OS control; OS requires [ExtendedConfig ASPM ClockPM MSI]
[    0.766034] acpi PNP0A03:00: fail to add MMCONFIG information, can't access extended PCI configuration space under this bridge.
[    0.770552] PCI host bridge to bus 0000:00
[    0.771979] pci_bus 0000:00: root bus resource [io  0x0000-0x0cf7 window]
[    0.774514] pci_bus 0000:00: root bus resource [io  0x0d00-0xffff window]
[    0.776718] pci_bus 0000:00: root bus resource [mem 0x000a0000-0x000bffff window]
[    0.779533] pci_bus 0000:00: root bus resource [mem 0x40000000-0xfdffffff window]
[    0.782352] pci_bus 0000:00: root bus resource [bus 00-ff]
[    0.788035] pci 0000:00:01.1: legacy IDE quirk: reg 0x10: [io  0x01f0-0x01f7]
[    0.790721] pci 0000:00:01.1: legacy IDE quirk: reg 0x14: [io  0x03f6]
[    0.793208] pci 0000:00:01.1: legacy IDE quirk: reg 0x18: [io  0x0170-0x0177]
[    0.806801] pci 0000:00:01.1: legacy IDE quirk: reg 0x1c: [io  0x0376]
[    0.834262] pci 0000:00:07.0: quirk: [io  0x4000-0x403f] claimed by PIIX4 ACPI
[    0.837234] pci 0000:00:07.0: quirk: [io  0x4100-0x410f] claimed by PIIX4 SMB
[    0.856240] ACPI: PCI Interrupt Link [LNKA] (IRQs 5 9 10 *11)
[    0.862297] ACPI: PCI Interrupt Link [LNKB] (IRQs 5 9 *10 11)
[    0.866147] ACPI: PCI Interrupt Link [LNKC] (IRQs 5 *9 10 11)
[    0.870112] ACPI: PCI Interrupt Link [LNKD] (IRQs 5 9 10 *11)
[    0.873504] ACPI: Enabled 2 GPEs in block 00 to 07
[    0.876442] vgaarb: setting as boot device: PCI:0000:00:02.0
[    0.881424] vgaarb: device added: PCI:0000:00:02.0,decodes=io+mem,owns=io+mem,locks=none
[    0.900109] vgaarb: loaded
[    0.902027] vgaarb: bridge control possible 0000:00:02.0
[    0.906486] SCSI subsystem initialized
[    0.909388] ACPI: bus type USB registered
[    0.913060] usbcore: registered new interface driver usbfs
[    0.917751] usbcore: registered new interface driver hub
[    0.921181] usbcore: registered new device driver usb
[    0.927783] PCI: Using ACPI for IRQ routing
[    0.932856] NetLabel: Initializing
[    0.936311] NetLabel:  domain hash size = 128
[    0.939591] NetLabel:  protocols = UNLABELED CIPSOv4
[    0.943722] NetLabel:  unlabeled traffic allowed by default
[    0.948213] amd_nb: Cannot enumerate AMD northbridges
[    0.952046] clocksource: Switched to clocksource kvm-clock
[    0.982267] AppArmor: AppArmor Filesystem Enabled
[    0.996377] pnp: PnP ACPI init
[    1.002451] pnp: PnP ACPI: found 3 devices
[    1.026750] clocksource: acpi_pm: mask: 0xffffff max_cycles: 0xffffff, max_idle_ns: 2085701024 ns
[    1.030184] NET: Registered protocol family 2
[    1.033238] TCP established hash table entries: 8192 (order: 4, 65536 bytes)
[    1.036297] TCP bind hash table entries: 8192 (order: 5, 131072 bytes)
[    1.039569] TCP: Hash tables configured (established 8192 bind 8192)
[    1.042011] UDP hash table entries: 512 (order: 2, 16384 bytes)
[    1.043911] UDP-Lite hash table entries: 512 (order: 2, 16384 bytes)
[    1.046517] NET: Registered protocol family 1
[    1.048130] pci 0000:00:00.0: Limiting direct PCI/PCI transfers
[    1.050091] pci 0000:00:01.0: Activating ISA DMA hang workarounds
[    1.052318] Unpacking initramfs...
[    1.331415] Freeing initrd memory: 14888K
[    1.333644] RAPL PMU detected, API unit is 2^-32 Joules, 4 fixed counters 10737418240 ms ovfl timer
[    1.341351] hw unit of domain pp0-core 2^-0 Joules
[    1.343890] hw unit of domain package 2^-0 Joules
[    1.345868] hw unit of domain dram 2^-0 Joules
[    1.350626] hw unit of domain pp1-gpu 2^-0 Joules
[    1.353003] clocksource: tsc: mask: 0xffffffffffffffff max_cycles: 0x171023f09ff, max_idle_ns: 440795233615 ns
[    1.358589] platform rtc_cmos: registered platform RTC device (no PNP device found)
[    1.362276] Scanning for low memory corruption every 60 seconds
[    1.365979] audit: initializing netlink subsys (disabled)
[    1.368616] audit: type=2000 audit(1635160166.605:1): initialized
[    1.371149] Initialise system trusted keyring
[    1.373207] HugeTLB registered 2 MB page size, pre-allocated 0 pages
[    1.377232] zbud: loaded
[    1.378954] VFS: Disk quotas dquot_6.6.0
[    1.381297] VFS: Dquot-cache hash table entries: 512 (order 0, 4096 bytes)
[    1.384061] squashfs: version 4.0 (2009/01/31) Phillip Lougher
[    1.386608] fuse init (API version 7.23)
[    1.388166] Key type big_key registered
[    1.389592] Allocating IMA MOK and blacklist keyrings.
[    1.396438] Key type asymmetric registered
[    1.398069] Asymmetric key parser 'x509' registered
[    1.400167] Block layer SCSI generic (bsg) driver version 0.4 loaded (major 249)
[    1.402919] io scheduler noop registered
[    1.404558] io scheduler deadline registered (default)
[    1.406615] io scheduler cfq registered
[    1.408212] pci_hotplug: PCI Hot Plug PCI Core version: 0.5
[    1.410133] pciehp: PCI Express Hot Plug Controller Driver version: 0.4
[    1.412854] ACPI: AC Adapter [AC] (off-line)
[    1.414487] input: Power Button as /devices/LNXSYSTM:00/LNXPWRBN:00/input/input0
[    1.417537] ACPI: Power Button [PWRF]
[    1.419177] input: Sleep Button as /devices/LNXSYSTM:00/LNXSLPBN:00/input/input1
[    1.421843] ACPI: Sleep Button [SLPF]
[    1.425748] ACPI: Battery Slot [BAT0] (battery present)
[    1.427557] GHES: HEST is not enabled!
[    1.429951] Serial: 8250/16550 driver, 32 ports, IRQ sharing enabled
[    1.453075] 00:02: ttyS0 at I/O 0x3f8 (irq = 4, base_baud = 115200) is a 16550A
[    1.458076] Linux agpgart interface v0.103
[    1.462287] loop: module loaded
[    1.464488] scsi host0: ata_piix
[    1.466151] scsi host1: ata_piix
[    1.467401] ata1: PATA max UDMA/33 cmd 0x1f0 ctl 0x3f6 bmdma 0xd000 irq 14
[    1.469655] ata2: PATA max UDMA/33 cmd 0x170 ctl 0x376 bmdma 0xd008 irq 15
[    1.472359] libphy: Fixed MDIO Bus: probed
[    1.473915] tun: Universal TUN/TAP device driver, 1.6
[    1.475934] tun: (C) 1999-2004 Max Krasnyansky <maxk@qualcomm.com>
[    1.478376] PPP generic driver version 2.4.2
[    1.479926] ehci_hcd: USB 2.0 'Enhanced' Host Controller (EHCI) Driver
[    1.482138] ehci-pci: EHCI PCI platform driver
[    1.483715] ehci-platform: EHCI generic platform driver
[    1.485561] ohci_hcd: USB 1.1 'Open' Host Controller (OHCI) Driver
[    1.487563] ohci-pci: OHCI PCI platform driver
[    1.489151] ohci-platform: OHCI generic platform driver
[    1.490898] uhci_hcd: USB Universal Host Controller Interface driver
[    1.493138] i8042: PNP: PS/2 Controller [PNP0303:PS2K,PNP0f03:PS2M] at 0x60,0x64 irq 1,12
[    1.496888] serio: i8042 KBD port at 0x60,0x64 irq 1
[    1.498772] serio: i8042 AUX port at 0x60,0x64 irq 12
[    1.500971] mousedev: PS/2 mouse device common for all mice
[    1.503677] rtc_cmos rtc_cmos: rtc core: registered rtc_cmos as rtc0
[    1.506470] input: AT Translated Set 2 keyboard as /devices/platform/i8042/serio0/input/input2
[    1.509490] rtc_cmos rtc_cmos: alarms up to one day, 114 bytes nvram
[    1.511963] i2c /dev entries driver
[    1.513538] device-mapper: uevent: version 1.0.3
[    1.515527] device-mapper: ioctl: 4.34.0-ioctl (2015-10-28) initialised: dm-devel@redhat.com
[    1.518971] ledtrig-cpu: registered to indicate activity on CPUs
[    1.521761] NET: Registered protocol family 10
[    1.523579] NET: Registered protocol family 17
[    1.525263] Key type dns_resolver registered
[    1.527431] registered taskstats version 1
[    1.529207] Loading compiled-in X.509 certificates
[    1.532053] Loaded X.509 cert 'Build time autogenerated kernel key: cf00e047681d67edb2720680708b7d9498083038'
[    1.535646] zswap: loaded using pool lzo/zbud
[    1.539718] Key type trusted registered
[    1.545644] Key type encrypted registered
[    1.547247] AppArmor: AppArmor sha1 policy hashing enabled
[    1.550051] ima: No TPM chip found, activating TPM-bypass!
[    1.551964] ima: Allocated hash algorithm: sha1
[    1.553608] evm: HMAC attrs: 0x1
[    1.555517]   Magic number: 9:685:176
[    1.556965] rtc_cmos rtc_cmos: setting system clock to 2021-10-25 11:09:17 UTC (1635160157)
[    1.560191] BIOS EDD facility v0.16 2004-Jun-25, 0 devices found
[    1.562362] EDD information not available.
[    1.654520] Freeing unused kernel memory: 1492K
[    1.656479] Write protecting the kernel read-only data: 14336k
[    1.659358] Freeing unused kernel memory: 1584K
[    1.661416] Freeing unused kernel memory: 52K
Loading, please wait...
starting version 229
[    1.681198] random: systemd-udevd: uninitialized urandom read (16 bytes read, 3 bits of entropy available)
[    1.681941] random: udevadm: uninitialized urandom read (16 bytes read, 3 bits of entropy available)
[    1.681985] random: udevadm: uninitialized urandom read (16 bytes read, 3 bits of entropy available)
[    1.694329] random: udevadm: uninitialized urandom read (16 bytes read, 3 bits of entropy available)
[    1.694617] random: systemd-udevd: uninitialized urandom read (16 bytes read, 3 bits of entropy available)
[    1.694647] random: systemd-udevd: uninitialized urandom read (16 bytes read, 3 bits of entropy available)
[    1.694668] random: systemd-udevd: uninitialized urandom read (16 bytes read, 3 bits of entropy available)
[    1.695571] random: systemd-udevd: uninitialized urandom read (16 bytes read, 3 bits of entropy available)
[    1.695595] random: systemd-udevd: uninitialized urandom read (16 bytes read, 3 bits of entropy available)
[    1.695607] random: systemd-udevd: uninitialized urandom read (16 bytes read, 3 bits of entropy available)
[    1.779046] e1000: Intel(R) PRO/1000 Network Driver - version 7.3.21-k8-NAPI
[    1.794920] e1000: Copyright (c) 1999-2006 Intel Corporation.
[    1.806964] Fusion MPT base driver 3.04.20
[    1.808930] Copyright (c) 1999-2008 LSI Corporation
[    1.824734] Fusion MPT SPI Host driver 3.04.20
[    1.830385] AVX2 version of gcm_enc/dec engaged.
[    1.832735] AES CTR mode by8 optimization enabled
[    2.005758] input: ImExPS/2 Generic Explorer Mouse as /devices/platform/i8042/serio1/input/input4
[    2.292615] e1000 0000:00:03.0 eth0: (PCI:33MHz:32-bit) 02:be:82:6b:cc:1d
[    2.300236] e1000 0000:00:03.0 eth0: Intel(R) PRO/1000 Network Connection
[    2.740230] e1000 0000:00:08.0 eth1: (PCI:33MHz:32-bit) 08:00:27:7b:c4:e2
[    2.743097] e1000 0000:00:08.0 eth1: Intel(R) PRO/1000 Network Connection
[    2.747868] e1000 0000:00:03.0 enp0s3: renamed from eth0
[    2.750860] mptbase: ioc0: Initiating bringup
[    2.760915] e1000 0000:00:08.0 enp0s8: renamed from eth1
[    3.175477] ioc0: LSI53C1030 A0: Capabilities={Initiator}
[    5.347926] scsi host2: ioc0: LSI53C1030 A0, FwRev=00000000h, Ports=1, MaxQ=256, IRQ=20
[    8.175324] scsi 2:0:0:0: Direct-Access     VBOX     HARDDISK         1.0  PQ: 0 ANSI: 5
[    8.189804] scsi target2:0:0: Beginning Domain Validation
[    8.194677] scsi target2:0:0: Domain Validation skipping write tests
[    8.197017] scsi target2:0:0: Ending Domain Validation
[    8.199111] scsi target2:0:0: asynchronous
[    8.201526] scsi 2:0:1:0: Direct-Access     VBOX     HARDDISK         1.0  PQ: 0 ANSI: 5
[    8.204528] scsi target2:0:1: Beginning Domain Validation
[    8.207436] scsi target2:0:1: Domain Validation skipping write tests
[    8.209520] scsi target2:0:1: Ending Domain Validation
[    8.211259] scsi target2:0:1: asynchronous
[    8.219727] sd 2:0:0:0: Attached scsi generic sg0 type 0
[    8.221835] sd 2:0:0:0: [sda] 83886080 512-byte logical blocks: (42.9 GB/40.0 GiB)
[    8.225089] sd 2:0:1:0: [sdb] 20480 512-byte logical blocks: (10.5 MB/10.0 MiB)
[    8.228306] sd 2:0:1:0: Attached scsi generic sg1 type 0
[    8.230588] sd 2:0:0:0: [sda] Write Protect is off
[    8.230918] sd 2:0:1:0: [sdb] Write Protect is off
[    8.231278] sd 2:0:1:0: [sdb] Incomplete mode parameter data
[    8.231279] sd 2:0:1:0: [sdb] Assuming drive cache: write through
[    8.235910] sd 2:0:1:0: [sdb] Attached SCSI disk
[    8.245541] sd 2:0:0:0: [sda] Incomplete mode parameter data
[    8.247625] sd 2:0:0:0: [sda] Assuming drive cache: write through
[    8.253854]  sda: sda1
[    8.256203] sd 2:0:0:0: [sda] Attached SCSI disk
Begin: Loading essential drivers ... [    9.712328] md: linear personality registered for level -1
[    9.717476] md: multipath personality registered for level -4
[    9.722525] md: raid0 personality registered for level 0
[    9.730156] md: raid1 personality registered for level 1
[    9.804168] raid6: sse2x1   gen()  8113 MB/s
[    9.872171] raid6: sse2x1   xor()  5612 MB/s
[    9.940150] raid6: sse2x2   gen()  9360 MB/s
[   10.008162] raid6: sse2x2   xor()  6746 MB/s
[   10.076128] raid6: sse2x4   gen() 11242 MB/s
[   10.144221] raid6: sse2x4   xor()  3812 MB/s
[   10.212223] raid6: avx2x1   gen()  9083 MB/s
[   10.284178] raid6: avx2x2   gen() 15105 MB/s
[   10.352173] raid6: avx2x4   gen() 18632 MB/s
[   10.354081] raid6: using algorithm avx2x4 gen() 18632 MB/s
[   10.356847] raid6: using avx2x2 recovery algorithm
[   10.360551] xor: automatically using best checksumming function:
[   10.413844]    avx       : 48841.000 MB/sec
[   10.419265] async_tx: api initialized (async)
[   10.447342] md: raid6 personality registered for level 6
[   10.450160] md: raid5 personality registered for level 5
[   10.454808] md: raid4 personality registered for level 4
[   10.480773] md: raid10 personality registered for level 10
done.
Begin: Running /scripts/init-premount ... done.
Begin: Mounting root file system ... Begin: Running /scripts/local-top ... done.
Begin: Running /scripts/local-premount ... [   10.526359] Btrfs loaded
Scanning for Btrfs filesystems
done.
Warning: fsck not present, so skipping root file system
[   10.639195] EXT4-fs (sda1): mounted filesystem with ordered data mode. Opts: (null)
done.
Begin: Running /scripts/local-bottom ... done.
Begin: Running /scripts/init-bottom ... done.
[   11.116003] systemd[1]: systemd 229 running in system mode. (+PAM +AUDIT +SELINUX +IMA +APPARMOR +SMACK +SYSVINIT +UTMP +LIBCRYPTSETUP +GCRYPT +GNUTLS +ACL +XZ -LZ4 +SECCOMP +BLKID +ELFUTILS +KMOD -IDN)
[   11.123041] systemd[1]: Detected virtualization oracle.
[   11.125168] systemd[1]: Detected architecture x86-64.

Welcome to [1mUbuntu 16.04.7 LTS[0m!

[   11.136669] systemd[1]: Set hostname to <web01>.
[   11.999966] systemd[1]: Listening on Journal Socket (/dev/log).
[[0;32m  OK  [0m] Listening on Journal Socket (/dev/log).
[   12.006402] systemd[1]: Listening on Journal Audit Socket.
[[0;32m  OK  [0m] Listening on Journal Audit Socket.
[   12.010468] systemd[1]: Reached target User and Group Name Lookups.
[[0;32m  OK  [0m] Reached target User and Group Name Lookups.
[   12.015465] systemd[1]: Reached target System Time Synchronized.
[[0;32m  OK  [0m] Reached target System Time Synchronized.
[   12.019494] systemd[1]: Started Trigger resolvconf update for networkd DNS.
[[0;32m  OK  [0m] Started Trigger resolvconf update for networkd DNS.
[   12.024089] systemd[1]: Listening on Journal Socket.
[[0;32m  OK  [0m] Listening on Journal Socket.
[   12.027620] systemd[1]: Listening on fsck to fsckd communication Socket.
[[0;32m  OK  [0m] Listening on fsck to fsckd communication Socket.
[   12.031922] systemd[1]: Listening on udev Kernel Socket.
[[0;32m  OK  [0m] Listening on udev Kernel Socket.
[   12.035536] systemd[1]: Listening on Syslog Socket.
[[0;32m  OK  [0m] Listening on Syslog Socket.
[   12.039003] systemd[1]: Listening on Device-mapper event daemon FIFOs.
[[0;32m  OK  [0m] Listening on Device-mapper event daemon FIFOs.
[   12.043771] systemd[1]: Listening on udev Control Socket.
[[0;32m  OK  [0m] Listening on udev Control Socket.
[   12.047841] systemd[1]: Created slice System Slice.
[[0;32m  OK  [0m] Created slice System Slice.
[   12.068918] systemd[1]: Starting Load Kernel Modules...
         Starting Load Kernel Modules...
[   12.077296] systemd[1]: Mounting Debug File System...
         Mounting Debug File System...
[   12.082907] systemd[1]: Starting Uncomplicated firewall...
         Starting Uncomplicated firewall...
[   12.088563] systemd[1]: Starting Create list of required static device nodes for the current kernel...
         Starting Create list of required st... nodes for the current kernel...
[   12.112768] systemd[1]: Starting Nameserver information manager...
[   12.115800] Loading iSCSI transport class v2.0-870.
         Starting Nameserver information manager...
[   12.120264] systemd[1]: Listening on /dev/initctl Compatibility Named Pipe.
[[0;32m  OK  [0m] Listening on /dev/initctl Compatibility Named Pipe.
[   12.126697] systemd[1]: Set up automount Arbitrary Executable File Formats File System Automount Point.
[[0;32m  OK  [0m] Set up automount Arbitrary Executab...ats File System Automount Point.
[   12.135682] systemd[1]: Mounting Huge Pages File System...
         Mounting Huge Pages File System...
[   12.141259] systemd[1]: Mounting POSIX Message Queue File System...

   12.144394] iscsi: registered transport (tcp)
         Mounting POSIX Message Queue File System...
[   12.148072] systemd[1]: Started Forward Password Requests to Wall Directory Watch.
[[0;32m  OK  [0m] Started Forward Password Requests to Wall Directory Watch.
[   12.154427] systemd[1]: Reached target Encrypted Volumes.
[[0;32m  OK  [0m] Reached target Encrypted Volumes.
[   12.159230] systemd[1]: Created slice system-serial\x2dgetty.slice.
[[0;32m  OK  [0m] Created slice system-serial\x2dgetty.slice.
[   12.176430] systemd[1]: Starting File System Check on Root Device...
         Starting File System Check on Root Device...
[   12.183013] systemd[1]: Starting Set console keymap...
         Starting Set console keymap...
[   12.188567] systemd[1]: Starting Journal Service...
         Starting Journal Service...
[   12.193700] systemd[1]: Listening on LVM2 metadata daemon socket.
[[0;32m  OK  [0m] Listening on LVM2 metadata daemon socket.
[   12.228621] systemd[1]: Starting Monitoring of LVM2 mirrors, snapshots etc. using dmeventd or progress polling...
         Starting Monitoring of LVM2 mirrors... dmeventd or progress polling...
[   12.243282] systemd[1]: Reached target Swap.
[[0;32m  OK  [0m] Reached target Swap.
[   12.249993] systemd[1]: Listening on LVM2 poll daemon socket.
[   12.255568] iscsi: registered transport (iser)
[[0;32m  OK  [0m] Listening on LVM2 poll daemon socket.
[   12.261612] systemd[1]: Created slice User and Session Slice.
[[0;32m  OK  [0m] Created slice User and Session Slice.
[   12.269418] systemd[1]: Reached target Slices.
[[0;32m  OK  [0m] Reached target Slices.
[   12.289955] systemd[1]: Mounted Huge Pages File System.
[[0;32m  OK  [0m] Mounted Huge Pages File System.
[   12.304877] systemd[1]: Mounted POSIX Message Queue File System.
[[0;32m  OK  [0m] Mounted POSIX Message Queue File System.
[   12.309702] systemd[1]: Mounted Debug File System.
[[0;32m  OK  [0m] Mounted Debug File System.
[   12.321298] systemd[1]: Started Journal Service.
[[0;32m  OK  [0m] Started Journal Service.
[[0;32m  OK  [0m] Started Load Kernel Modules.
[[0;32m  OK  [0m] Started Uncomplicated firewall.
[[0;32m  OK  [0m] Started Create list of required sta...ce nodes for the current kernel.
[[0;32m  OK  [0m] Started File System Check on Root Device.
[   12.349325] random: nonblocking pool is initialized
[[0;32m  OK  [0m] Started Set console keymap.
[[0;32m  OK  [0m] Started Nameserver information manager.
[[0;32m  OK  [0m] Started LVM2 metadata daemon.
[[0;32m  OK  [0m] Started File System Check Daemon to report status.
         Starting Remount Root and Kernel File Systems...
         Starting Create Static Device Nodes in /dev...
         Mounting FUSE Control File System...
[   12.385037] EXT4-fs (sda1): re-mounted. Opts: (null)
         Starting Apply Kernel Variables...
[[0;32m  OK  [0m] Mounted FUSE Control File System.
[[0;32m  OK  [0m] Started Remount Root and Kernel File Systems.
         Starting udev Coldplug all Devices...
         Starting Load/Save Random Seed...
         Starting Flush Journal to Persistent Storage...
[[0;32m  OK  [0m] Started Load/Save Random Seed.
[[0;32m  OK  [0m] Started Apply Kernel Variables.
[[0;32m  OK  [0m] Started Flush Journal to Persistent Storage.
[[0;32m  OK  [0m] Started Create Static Device Nodes in /dev.
         Starting udev Kernel Device Manager...
[[0;32m  OK  [0m] Started udev Coldplug all Devices.
[[0;32m  OK  [0m] Started Monitoring of LVM2 mirrors,...ng dmeventd or progress polling.
[[0;32m  OK  [0m] Reached target Local File Systems (Pre).
[[0;32m  OK  [0m] Reached target Local File Systems.
         Starting Initial cloud-init job (pre-networking)...
         Starting Set console font and keymap...
         Starting LSB: AppArmor initialization...
         Starting Create Volatile Files and Directories...
         Starting Tell Plymouth To Write Out Runtime Data...
[[0;32m  OK  [0m] Started Tell Plymouth To Write Out Runtime Data.
[[0;32m  OK  [0m] Started Create Volatile Files and Directories.
         Starting Update UTMP about System Boot/Shutdown...
[[0;32m  OK  [0m] Started Update UTMP about System Boot/Shutdown.
[[0;32m  OK  [0m] Started udev Kernel Device Manager.
[[0;32m  OK  [0m] Started Dispatch Password Requests to Console Directory Watch.
[[0;32m  OK  [0m] Started LSB: AppArmor initialization.
[[0;32m  OK  [0m] Found device /dev/ttyS0.
[[0;32m  OK  [0m] Listening on Load/Save RF Kill Switch Status /dev/rfkill Watch.
         Starting Load AppArmor profiles managed internally by snapd...
[[0;32m  OK  [0m] Started Load AppArmor profiles managed internally by snapd.
[[0;32m  OK  [0m] Found device 82540EM Gigabit Ethern...r (PRO/1000 MT Desktop Adapter).
[[0;32m  OK  [0m] Found device 82540EM Gigabit Ethern...r (PRO/1000 MT Desktop Adapter).
[[0;32m  OK  [0m] Started Set console font and keymap.
[[0;32m  OK  [0m] Created slice system-getty.slice.
[   15.385307] cloud-init[485]: Cloud-init v. 21.1-19-gbad84ad4-0ubuntu1~16.04.2 running 'init-local' at Mon, 25 Oct 2021 11:09:31 +0000. Up 14.74 seconds.
[[0;32m  OK  [0m] Started Initial cloud-init job (pre-networking).
[[0;32m  OK  [0m] Reached target Network (Pre).
         Starting Raise network interfaces...
[[0;32m  OK  [0m] Started ifup for enp0s8.
[[0;32m  OK  [0m] Started ifup for enp0s3.
[[0;32m  OK  [0m] Started Raise network interfaces.
         Starting Initial cloud-init job (metadata service crawler)...
[[0;32m  OK  [0m] Reached target Network.
[   16.627059] cloud-init[1091]: Cloud-init v. 21.1-19-gbad84ad4-0ubuntu1~16.04.2 running 'init' at Mon, 25 Oct 2021 11:09:32 +0000. Up 16.15 seconds.
[   16.632806] cloud-init[1091]: ci-info: ++++++++++++++++++++++++++++++++++++++Net device info+++++++++++++++++++++++++++++++++++++++
[   16.638150] cloud-init[1091]: ci-info: +--------+------+-----------------------------+---------------+--------+-------------------+
[   16.643370] cloud-init[1091]: ci-info: | Device |  Up  |           Address           |      Mask     | Scope  |     Hw-Address    |
[   16.648382] cloud-init[1091]: ci-info: +--------+------+-----------------------------+---------------+--------+-------------------+
[   16.653442] cloud-init[1091]: ci-info: | enp0s3 | True |          10.0.2.15          | 255.255.255.0 | global | 02:be:82:6b:cc:1d |
[   16.658635] cloud-init[1091]: ci-info: | enp0s3 | True |  fe80::be:82ff:fe6b:cc1d/64 |       .       |  link  | 02:be:82:6b:cc:1d |
[   16.663767] cloud-init[1091]: ci-info: | enp0s8 | True |        192.168.33.11        | 255.255.255.0 | global | 08:00:27:7b:c4:e2 |
[   16.668867] cloud-init[1091]: ci-info: | enp0s8 | True | fe80::a00:27ff:fe7b:c4e2/64 |       .       |  link  | 08:00:27:7b:c4:e2 |
[   16.674019] cloud-init[1091]: ci-info: |   lo   | True |          127.0.0.1          |   255.0.0.0   |  host  |         .         |
[[0;32m  OK  [0m] Started Initial cloud-init job (metadata service crawler).[   16.680448] cloud-init[1091]: ci-info: |   lo   | True |           ::1/128           |       .       |  host  |         .         |
[   16.682283] cloud-init[1091]: ci-info: +--------+------+-----------------------------+---------------+--------+-------------------+
[   16.687163] cloud-init[1091]: ci-info: ++++++++++++++++++++++++++++Route IPv4 info++++++++++++++++++++++++++++
[   16.688190] cloud-init[1091]: ci-info: +-------+--------------+----------+---------------+-----------+-------+
[   16.696221] cloud-init[1091]: ci-info: | Route | Destination  | Gateway  |    Genmask    | Interface | Flags |
[   16.696515] cloud-init[1091]: ci-info: +-------+--------------+----------+---------------+-----------+-------+
[   16.697061] cloud-init[1091]: ci-info: |   0   |   0.0.0.0    | 10.0.2.2 |    0.0.0.0    |   enp0s3  |   UG  |
[   16.701564] cloud-init[1091]: ci-info: |   1   |   10.0.2.0   | 0.0.0.0  | 255.255.255.0 |   enp0s3  |   U   |

[[0;32m  OK  [0m] Reached target System Initialization.
[   16.702964] cloud-init[1091]: ci-info: |   2   | 192.168.33.0 | 0.0.0.0  | 255.255.255.0 |   enp0s8  |   U   |
[   16.727851] [[0;32m  OK  [0m] Started Message of the Day.
[[0;32m  OK  [0m] Listening on D-Bus System Message Bus Socket.
         Starting LXD - unix socket.
[[0;32m  OK  [0m] Listening on ACPID Listen Socket.
[[0;32m  OK  [0m] Started Daily Cleanup of Temporary Directories.
[cloud-init[1091]: ci-info: +-------+--------------+----------+---------------+-----------+-------+
[   16.742379] cloud-init[1091]: ci-info: +++++++++++++++++++Route IPv6 info+++++++++++++++++++
[   16.742479] cloud-init[1091]: ci-info: +-------+-------------+---------+-----------+-------+
[   16.742590] cloud-init[1091]: ci-info: | Route | Destination | Gateway | Interface | Flags |
[0;32m  OK  [0m] Started Ubuntu Advantage update messaging.
[   16.742671] cloud-init[1091]: ci-info: +-------+-------------+---------+-----------+-------+
[   16.760272] [cloud-init[0;32m  OK  [0m[1091]: ] ci-info: |   0   |  fe80::/64  |    ::   |   enp0s8  |   U   |Started Daily apt download activities.

[   16.760367] cloud-init[1091]: ci-info: |   1   |  fe80::/64  |    ::   |   enp0s3  |   U   |
[   16.771936] cloud-init[1091]: ci-info: |   4   |   ff00::/8  |    ::   |   enp0s8  |   U   |
[   16.780862] [[0;32m  OK  [0m] Started ACPI Events Check.
cloud-init[1091]: ci-info: |   5   |   ff00::/8  |    ::   |   enp0s3  |   U   |
[   16.785613] [cloud-init[0;32m  OK  [0m[1091]: ] ci-info: +-------+-------------+---------+-----------+-------+Reached target Paths.

[[0;32m  OK  [0m] Listening on UUID daemon activation socket.
         Starting Socket activation for snappy daemon.
[[0;32m  OK  [0m] Started Daily apt upgrade and clean activities.
[[0;32m  OK  [0m] Reached target Timers.
[[0;32m  OK  [0m] Reached target Cloud-config availability.
[[0;32m  OK  [0m] Reached target Network is Online.
         Starting iSCSI initiator daemon (iscsid)...
[[0;32m  OK  [0m] Listening on LXD - unix socket.
[[0;32m  OK  [0m] Listening on Socket activation for snappy daemon.
[[0;32m  OK  [0m] Reached target Sockets.
[[0;32m  OK  [0m] Reached target Basic System.
[[0;32m  OK  [0m] Started FUSE filesystem for LXC.
[[0;32m  OK  [0m] Started ACPI event daemon.
         Starting Accounts Service...
[[0;32m  OK  [0m] Started Deferred execution scheduler.
         Starting System Logging Service...
         Starting A high performance web server and a reverse proxy server...
         Starting Login Service...
         Starting /etc/rc.local Compatibility...
         Starting LXD - container startup/shutdown...
         Starting OpenBSD Secure Shell server...
         Starting Snap Daemon...
         Starting LSB: Record successful boot for GRUB...
         Starting LSB: MD monitoring daemon...
[[0;32m  OK  [0m] Started D-Bus System Message Bus.
[[0;32m  OK  [0m] Started Regular background program processing daemon.
         Starting Virtualbox guest utils...
[[0;32m  OK  [0m] Started System Logging Service.
[[0;32m  OK  [0m] Started iSCSI initiator daemon (iscsid).
[[0;32m  OK  [0m] Started /etc/rc.local Compatibility.
[[0;32m  OK  [0m] Started OpenBSD Secure Shell server.
[[0;32m  OK  [0m] Started Login Service.
[[0;32m  OK  [0m] Started Unattended Upgrades Shutdown.
         Starting Authenticate and Authorize Users to Run Privileged Tasks...
         Starting Login to default iSCSI targets...
[[0;32m  OK  [0m] Started LSB: Record successful boot for GRUB.
[[0;32m  OK  [0m] Started LSB: MD monitoring daemon.
[[0;32m  OK  [0m] Started Login to default iSCSI targets.
[[0;32m  OK  [0m] Started Authenticate and Authorize Users to Run Privileged Tasks.
[[0;32m  OK  [0m] Reached target Remote File Systems (Pre).
         Mounting /vagrant...
[[0;32m  OK  [0m] Started Accounts Service.
[[0;32m  OK  [0m] Mounted /vagrant.
[[0;32m  OK  [0m] Reached target Remote File Systems.
         Starting LSB: daemon to balance interrupts for SMP systems...
         Starting LSB: Set the CPU Frequency Scaling governor to "ondemand"...
         Starting LSB: automatic crash report generation...
         Starting Permit User Sessions...
[[0;32m  OK  [0m] Started A high performance web server and a reverse proxy server.
[[0;32m  OK  [0m] Started LXD - container startup/shutdown.
[[0;32m  OK  [0m] Started Permit User Sessions.
         Starting Hold until boot process finishes up...
         Starting Terminate Plymouth Boot Screen...
[[0;32m  OK  [0m] Started Virtualbox guest utils.
[[0;32m  OK  [0m] Started Hold until boot process finishes up.
[[0;32m  OK  [0m] Started Serial Getty on ttyS0.
[[0;32m  OK  [0m] Started Getty on tty1.
[[0;32m  OK  [0m] Reached target Login Prompts.
         Starting Set console scheme...
[[0;32m  OK  [0m] Started Terminate Plymouth Boot Screen.
[[0;32m  OK  [0m] Started LSB: Set the CPU Frequency Scaling governor to "ondemand".
[[0;32m  OK  [0m] Started Set console scheme.
[[0;32m  OK  [0m] Started LSB: daemon to balance interrupts for SMP systems.
[[0;32m  OK  [0m] Started LSB: automatic crash report generation.
[[0;32m  OK  [0m] Started Snap Daemon.
         Starting Wait until snapd is fully seeded...
[[0;32m  OK  [0m] Started Wait until snapd is fully seeded.
[[0;32m  OK  [0m] Reached target Multi-User System.
[[0;32m  OK  [0m] Reached target Graphical Interface.
         Starting Update UTMP about System Runlevel Changes...
         Starting Apply the settings specified in cloud-config...
[[0;32m  OK  [0m] Started Update UTMP about System Runlevel Changes.
[   18.767840] cloud-init[1376]: Cloud-init v. 21.1-19-gbad84ad4-0ubuntu1~16.04.2 running 'modules:config' at Mon, 25 Oct 2021 11:09:34 +0000. Up 18.59 seconds.
[[0;32m  OK  [0m] Started Apply the settings specified in cloud-config.
         Starting Execute cloud user/final scripts...
[   19.503116] cloud-init[1389]: Cloud-init v. 21.1-19-gbad84ad4-0ubuntu1~16.04.2 running 'modules:final' at Mon, 25 Oct 2021 11:09:35 +0000. Up 19.25 seconds.
[   19.507475] cloud-init[1389]: Cloud-init v. 21.1-19-gbad84ad4-0ubuntu1~16.04.2 finished at Mon, 25 Oct 2021 11:09:35 +0000. Datasource DataSourceNoCloud [seed=/dev/sdb][dsmode=net].  Up 19.49 seconds
[[0;32m  OK  [0m] Started Execute cloud user/final scripts.
[[0;32m  OK  [0m] Reached target Cloud-init target.

Ubuntu 16.04.7 LTS web01 ttyS0

web01 login: 